2024-05-27T15:40:59.785Z [32minfo[39m: MongoDB connected
2024-05-27T15:40:59.909Z [32minfo[39m: Received /start command
2024-05-27T15:41:53.817Z [32minfo[39m: MongoDB connected
2024-05-27T15:42:00.209Z [32minfo[39m: Received /start command
2024-05-27T15:42:28.521Z [32minfo[39m: Received /kill command
2024-05-27T15:42:36.339Z [32minfo[39m: Received /kill command
2024-05-27T15:43:33.745Z [32minfo[39m: Received /start command
2024-05-27T15:44:08.519Z [32minfo[39m: Received /start command
2024-05-27T15:44:11.746Z [32minfo[39m: Received /kill command
2024-05-27T15:44:18.803Z [32minfo[39m: Received /kill command
2024-05-27T15:44:21.981Z [32minfo[39m: Received /start command
2024-05-28T01:04:29.248Z [32minfo[39m: Received /start command
2024-05-28T01:04:51.466Z [32minfo[39m: Received /start command
2024-05-28T01:05:56.203Z [32minfo[39m: Received /kill command
2024-05-28T01:25:15.706Z [32minfo[39m: MongoDB connected
2024-05-28T01:33:13.190Z [32minfo[39m: MongoDB connected
2024-05-28T01:33:48.881Z [32minfo[39m: MongoDB connected
2024-05-28T01:46:06.502Z [32minfo[39m: MongoDB connected
2024-05-28T01:54:37.270Z [32minfo[39m: MongoDB connected
2024-05-28T01:56:34.281Z [32minfo[39m: Received /kill command
2024-05-28T01:56:39.939Z [31merror[39m: Error translating message:
2024-05-28T02:13:37.250Z [32minfo[39m: MongoDB connected
2024-05-28T02:14:37.345Z [32minfo[39m: Received /kill command
2024-05-28T02:18:34.643Z [32minfo[39m: MongoDB connected
2024-05-28T02:20:50.090Z [32minfo[39m: Received /kill command
2024-05-28T02:21:04.380Z [32minfo[39m: Received /kill command
2024-05-28T02:36:06.248Z [32minfo[39m: MongoDB connected
2024-05-28T02:46:42.195Z [32minfo[39m: MongoDB connected
2024-05-28T02:46:50.685Z [32minfo[39m: Received /kill command
2024-05-28T02:53:47.919Z [32minfo[39m: MongoDB connected
2024-05-28T02:57:45.767Z [32minfo[39m: MongoDB connected
2024-05-28T02:57:51.886Z [32minfo[39m: Received /kill command
2024-05-28T02:58:01.074Z [32minfo[39m: Received /kill command
2024-05-28T03:28:03.010Z [32minfo[39m: MongoDB connected
2024-05-28T18:38:34.544Z [32minfo[39m: MongoDB connected
2024-05-28T18:39:06.579Z [32minfo[39m: Received /kill command
2024-05-28T18:39:13.010Z [31merror[39m: Error translating message:
2024-05-28T18:39:21.466Z [32minfo[39m: Received /kill command
2024-05-28T18:45:49.251Z [32minfo[39m: MongoDB connected
2024-05-28T18:50:56.895Z [32minfo[39m: MongoDB connected
2024-05-28T18:54:15.413Z [32minfo[39m: MongoDB connected
2024-05-28T19:12:41.398Z [32minfo[39m: MongoDB connected
2024-05-28T19:30:33.028Z [32minfo[39m: MongoDB connected
2024-05-28T19:30:41.091Z [32minfo[39m: Received /kill command
2024-05-28T19:30:45.935Z [31merror[39m: Error translating message:
2024-05-28T19:37:27.696Z [32minfo[39m: MongoDB connected
2024-05-28T19:37:45.721Z [32minfo[39m: MongoDB connected
2024-05-28T19:37:50.948Z [32minfo[39m: Received /kill command
2024-05-28T19:54:45.100Z [32minfo[39m: MongoDB connected
2024-05-28T19:54:58.877Z [32minfo[39m: Received /kill command
2024-05-28T20:01:26.902Z [32minfo[39m: MongoDB connected
2024-05-28T20:01:34.075Z [32minfo[39m: Received /kill command
2024-05-28T20:03:03.408Z [32minfo[39m: MongoDB connected
2024-05-28T20:03:26.006Z [32minfo[39m: Received /kill command
2024-05-28T20:03:29.847Z [31merror[39m: Error translating message:
2024-05-28T20:04:52.539Z [32minfo[39m: Received /kill command
2024-05-28T20:04:52.542Z [32minfo[39m: Received /kill command
2024-05-28T20:04:52.679Z [32minfo[39m: MongoDB connected
2024-05-28T20:04:57.466Z [31merror[39m: Error translating message:
2024-05-28T20:08:32.957Z [32minfo[39m: MongoDB connected
2024-05-28T20:08:40.022Z [32minfo[39m: MongoDB connected
2024-05-28T20:08:51.718Z [32minfo[39m: Received /kill command
2024-05-28T20:18:36.827Z [32minfo[39m: MongoDB connected
2024-05-28T20:18:44.087Z [32minfo[39m: Received /kill command
2024-05-28T20:19:47.694Z [32minfo[39m: MongoDB connected
2024-05-28T20:22:26.268Z [32minfo[39m: MongoDB connected
2024-05-28T20:22:32.035Z [32minfo[39m: Received /kill command
2024-05-28T20:30:22.024Z [32minfo[39m: MongoDB connected
2024-05-28T20:39:05.561Z [32minfo[39m: MongoDB connected
2024-05-28T20:42:26.978Z [32minfo[39m: MongoDB connected
2024-05-28T20:42:30.925Z [32minfo[39m: MongoDB connected
2024-05-28T20:42:36.176Z [32minfo[39m: Received /kill command
2024-05-28T20:43:08.887Z [32minfo[39m: MongoDB connected
2024-05-28T20:51:27.675Z [32minfo[39m: MongoDB connected
2024-05-29T10:43:22.267Z [32minfo[39m: MongoDB connected
2024-05-29T10:46:09.748Z [32minfo[39m: MongoDB connected
2024-05-29T10:48:44.222Z [32minfo[39m: MongoDB connected
2024-05-29T10:49:24.221Z [32minfo[39m: MongoDB connected
2024-05-29T10:50:23.587Z [32minfo[39m: MongoDB connected
2024-05-29T10:52:27.847Z [32minfo[39m: MongoDB connected
2024-05-29T10:53:07.593Z [32minfo[39m: Received /kill command
2024-05-29T10:56:14.543Z [32minfo[39m: MongoDB connected
2024-05-29T10:56:35.972Z [32minfo[39m: Received /kill command
2024-05-29T10:59:33.200Z [32minfo[39m: MongoDB connected
2024-05-29T10:59:38.907Z [32minfo[39m: Received message
2024-05-29T10:59:38.909Z [32minfo[39m: Received /start command from chatId: 1509912286
2024-05-29T10:59:42.889Z [32minfo[39m: Received message
2024-05-29T10:59:42.890Z [32minfo[39m: Received /kill command
2024-05-29T10:59:47.761Z [32minfo[39m: Received message
2024-05-29T10:59:50.447Z [32minfo[39m: Received message
2024-05-29T10:59:50.447Z [32minfo[39m: Received /kill command
2024-05-29T10:59:53.638Z [32minfo[39m: Received message
2024-05-29T10:59:53.639Z [32minfo[39m: Received /start command from chatId: 1509912286
2024-05-29T11:06:53.498Z [32minfo[39m: MongoDB connected
2024-05-29T11:07:05.407Z [32minfo[39m: Received message
2024-05-29T11:07:05.410Z [32minfo[39m: Received /start command from chatId: 1509912286
2024-05-29T11:07:05.450Z [32minfo[39m: Handling /start for chatId: 1509912286
2024-05-29T11:45:18.841Z [32minfo[39m: Deleted previous messages for chatId: 1509912286
2024-05-29T11:45:19.200Z [32minfo[39m: Sent welcome message to chatId: 1509912286
2024-05-29T11:45:19.238Z [32minfo[39m: Updated user record for chatId: 1509912286 with new message_id
2024-05-29T13:10:28.016Z [32minfo[39m: Received message
2024-05-29T13:10:28.017Z [32minfo[39m: Received /start command from chatId: 6498304586
2024-05-29T13:10:28.051Z [32minfo[39m: Handling /start for chatId: 6498304586
2024-05-29T13:10:34.377Z [32minfo[39m: Received message
2024-05-29T13:10:34.378Z [32minfo[39m: Received /kill command
2024-05-29T13:10:41.278Z [32minfo[39m: Received message
2024-05-29T13:10:41.279Z [32minfo[39m: Received /kill command
2024-05-29T13:10:50.526Z [32minfo[39m: Received message
2024-05-29T13:11:01.573Z [32minfo[39m: Received message
2024-05-29T13:11:01.573Z [32minfo[39m: Received /kill command
2024-05-29T13:11:12.647Z [32minfo[39m: Received message
2024-05-29T13:11:12.648Z [32minfo[39m: Received /kill command
2024-05-29T13:11:18.533Z [32minfo[39m: Received message
2024-05-29T13:11:18.533Z [32minfo[39m: Received /kill command
2024-05-29T13:11:31.529Z [32minfo[39m: Received message
2024-05-29T13:11:31.529Z [32minfo[39m: Received /start command from chatId: 1509912286
2024-05-29T13:11:31.559Z [32minfo[39m: Handling /start for chatId: 1509912286
2024-05-29T13:12:11.086Z [32minfo[39m: MongoDB connected
2024-05-29T18:27:14.159Z [32minfo[39m: Received message
2024-05-29T18:27:14.188Z [32minfo[39m: Received /start command from chatId: 6044800789
2024-05-29T18:27:14.697Z [32minfo[39m: Handling /start for chatId: 6044800789
2024-05-29T18:27:46.887Z [32minfo[39m: Received message
2024-05-29T19:06:48.945Z [32minfo[39m: Deleted previous messages for chatId: 6044800789
2024-05-29T19:06:49.208Z [32minfo[39m: Sent welcome message to chatId: 6044800789
2024-05-29T19:06:49.219Z [31merror[39m: Error in handleStart for chatId: 6044800789 - User validation failed: telegramName: Path `telegramName` is required., language: Path `language` is required.
2024-05-29T21:56:32.834Z [32minfo[39m: MongoDB connected
2024-05-29T21:56:40.035Z [32minfo[39m: Received message
2024-05-29T21:56:40.037Z [32minfo[39m: Received /start command from chatId: 6498304586
2024-05-29T21:56:40.355Z [32minfo[39m: Handling /start for chatId: 6498304586
2024-05-29T21:56:42.821Z [32minfo[39m: Received message
2024-05-29T21:56:42.822Z [32minfo[39m: Handling "Start" text message from chatId: 6498304586
2024-05-29T21:56:42.822Z [32minfo[39m: Handling /start for chatId: 6498304586
2024-05-29T22:19:12.395Z [32minfo[39m: MongoDB connected
2024-05-29T22:19:20.403Z [32minfo[39m: Received message
2024-05-29T22:19:20.405Z [32minfo[39m: Received /start command from chatId: 6498304586
2024-05-29T22:19:22.698Z [32minfo[39m: Received message
2024-05-29T22:19:22.698Z [32minfo[39m: Handling "Start" text message from chatId: 6498304586
2024-05-29T22:19:44.491Z [32minfo[39m: Received message
2024-05-29T22:19:44.492Z [32minfo[39m: Received /start command from chatId: 1509912286
2024-05-29T22:19:46.470Z [32minfo[39m: Received message
2024-05-29T22:19:46.470Z [32minfo[39m: Handling "Start" text message from chatId: 1509912286
2024-05-29T22:19:56.349Z [32minfo[39m: Received message
2024-05-29T22:20:14.266Z [32minfo[39m: Received message
2024-05-29T22:20:22.261Z [32minfo[39m: Received message
2024-05-29T22:20:40.600Z [32minfo[39m: Received message
2024-05-29T22:20:40.600Z [32minfo[39m: Received /kill command
2024-05-29T22:20:47.085Z [32minfo[39m: Received message
2024-05-29T22:20:47.085Z [32minfo[39m: Received /kill command
2024-05-29T22:20:50.419Z [31merror[39m: Error translating message:
2024-05-29T22:28:36.305Z [32minfo[39m: MongoDB connected
2024-05-29T22:28:41.655Z [32minfo[39m: Received message
2024-05-29T22:28:41.657Z [32minfo[39m: Received /start command from chatId: 1509912286
2024-05-29T22:28:59.651Z [32minfo[39m: Received message
2024-05-29T22:29:18.501Z [32minfo[39m: Received message
2024-05-29T22:29:18.501Z [32minfo[39m: Received /kill command
2024-05-29T22:34:24.548Z [32minfo[39m: MongoDB connected
2024-05-29T22:34:32.779Z [32minfo[39m: Received message
2024-05-29T22:34:32.781Z [32minfo[39m: Received /start command from chatId: 6498304586
2024-05-29T22:34:52.546Z [32minfo[39m: Received message
2024-05-29T22:34:52.547Z [32minfo[39m: Received /start command from chatId: 1509912286
2024-05-29T22:35:03.001Z [32minfo[39m: Received message
2024-05-29T22:36:56.860Z [32minfo[39m: Received message
2024-05-29T22:36:56.861Z [32minfo[39m: Received /kill command
2024-05-29T22:37:02.340Z [32minfo[39m: Received message
2024-05-29T22:37:02.341Z [32minfo[39m: Received /kill command
2024-05-29T22:37:33.975Z [32minfo[39m: Received message
2024-05-29T22:37:33.976Z [32minfo[39m: Received /start command from chatId: 845994931
2024-05-29T22:38:25.335Z [32minfo[39m: Received message
2024-05-29T22:38:25.335Z [32minfo[39m: Handling "Start" text message from chatId: 845994931
2024-05-29T22:38:41.352Z [32minfo[39m: Received message
2024-05-29T22:38:41.352Z [32minfo[39m: Handling "Start" text message from chatId: 1509912286
2024-05-29T22:40:21.809Z [32minfo[39m: Received message
2024-05-29T22:40:27.202Z [32minfo[39m: Received message
2024-05-29T22:40:48.810Z [32minfo[39m: Received message
2024-05-29T22:41:06.162Z [32minfo[39m: Received message
2024-05-29T22:41:18.821Z [32minfo[39m: Received message
2024-05-29T22:41:30.450Z [32minfo[39m: Received message
2024-05-29T22:41:38.009Z [32minfo[39m: Received message
2024-05-29T22:41:42.664Z [32minfo[39m: Received message
2024-05-29T22:41:51.689Z [32minfo[39m: Received message
2024-05-29T22:42:27.961Z [32minfo[39m: Received message
2024-05-29T22:42:43.655Z [32minfo[39m: Received message
2024-05-29T22:42:48.634Z [32minfo[39m: Received message
2024-05-29T22:43:02.036Z [32minfo[39m: Received message
2024-05-29T22:43:15.560Z [32minfo[39m: Received message
2024-05-29T22:43:43.461Z [32minfo[39m: Received message
2024-05-29T22:43:50.391Z [32minfo[39m: Received message
2024-05-29T22:44:04.947Z [32minfo[39m: Received message
2024-05-29T22:44:39.011Z [32minfo[39m: Received message
2024-05-29T22:45:12.347Z [32minfo[39m: Received message
2024-05-29T22:46:42.833Z [32minfo[39m: Received message
2024-05-29T22:46:55.058Z [32minfo[39m: Received message
2024-05-29T22:47:06.279Z [32minfo[39m: Received message
2024-05-29T22:47:23.609Z [32minfo[39m: Received message
2024-05-29T22:47:40.616Z [32minfo[39m: Received message
2024-05-29T22:48:28.703Z [32minfo[39m: Received message
2024-05-29T22:48:38.403Z [32minfo[39m: Received message
2024-05-29T22:49:12.933Z [32minfo[39m: Received message
2024-05-29T22:50:09.345Z [32minfo[39m: Received message
2024-05-29T22:50:52.459Z [32minfo[39m: Received message
2024-05-29T22:51:07.088Z [32minfo[39m: Received message
2024-05-29T22:51:20.571Z [32minfo[39m: Received message
2024-05-29T22:51:35.161Z [32minfo[39m: Received message
2024-05-29T22:51:59.432Z [32minfo[39m: Received message
2024-05-29T22:52:07.836Z [32minfo[39m: Received message
2024-05-29T22:52:36.822Z [32minfo[39m: Received message
2024-05-29T22:52:42.565Z [32minfo[39m: Received message
2024-05-29T22:52:45.636Z [32minfo[39m: Received message
2024-05-29T22:53:51.005Z [32minfo[39m: Received message
2024-05-29T22:54:17.758Z [32minfo[39m: Received message
2024-05-29T22:54:17.758Z [32minfo[39m: Received /kill command
2024-05-29T22:55:50.311Z [32minfo[39m: Received message
2024-05-29T22:55:50.312Z [32minfo[39m: Handling "Start" text message from chatId: 845994931
2024-05-29T22:56:24.359Z [32minfo[39m: Received message
2024-05-29T22:56:34.122Z [32minfo[39m: Received message
2024-05-29T22:56:34.895Z [32minfo[39m: Received message
2024-05-29T22:58:19.256Z [32minfo[39m: Received message
2024-05-29T23:00:01.942Z [32minfo[39m: Received message
2024-05-29T23:00:37.420Z [32minfo[39m: Received message
2024-05-29T23:00:43.802Z [32minfo[39m: Received message
2024-05-29T23:01:32.389Z [32minfo[39m: Received message
2024-05-29T23:01:35.752Z [32minfo[39m: Received message
2024-05-29T23:01:53.900Z [32minfo[39m: Received message
2024-05-29T23:02:15.129Z [32minfo[39m: Received message
2024-05-29T23:02:24.431Z [32minfo[39m: Received message
2024-05-29T23:02:24.432Z [32minfo[39m: Received /kill command
2024-05-30T06:28:54.276Z [32minfo[39m: Received message
2024-05-30T06:28:54.280Z [32minfo[39m: Received /kill command
2024-05-30T06:28:54.444Z [32minfo[39m: MongoDB connected
2024-05-30T06:29:31.121Z [32minfo[39m: Received message
2024-05-30T06:29:31.122Z [32minfo[39m: Received /start command from chatId: 6018550717
2024-05-30T06:29:34.211Z [32minfo[39m: Received message
2024-05-30T06:30:10.042Z [32minfo[39m: Received message
2024-05-30T06:30:10.043Z [32minfo[39m: Received /start command from chatId: 6018550717
2024-05-30T06:30:35.427Z [32minfo[39m: Received message
2024-05-30T06:30:39.538Z [32minfo[39m: Received message
